<?xml version="1.0" encoding="utf-8"?><testsuites name="pytest tests"><testsuite name="pytest" errors="0" failures="0" skipped="0" tests="14" time="3.284" timestamp="2026-08-26T03:17:18.437496+00:00" hostname="agent-env-4633679d-5caa-4d5f-99c4-6b924417fd0e"><testcase classname="tests.test_image_gen.TestGenerateImage" name="test_unauth_returns_401" time="0.459" /><testcase classname="tests.test_image_gen.TestRegression" name="test_login_still_works" time="0.458" /><testcase classname="tests.test_image_gen.TestGenerateImage" name="test_auth_but_fal_not_configured_returns_503" time="0.681" /><testcase classname="tests.test_image_gen.TestRegression" name="test_tools_generate_non_ai" time="0.754" /><testcase classname="tests.test_image_gen.TestGenerateImage" name="test_short_prompt_still_503_because_fal_check_is_first" time="0.112" /><testcase classname="tests.test_image_gen.TestRegression" name="test_favorites_list" time="0.108" /><testcase classname="tests.test_image_gen.TestGenerateImage" name="test_invalid_aspect_ratio_falls_back_silently" time="0.172" /><testcase classname="tests.test_image_gen.TestRegression" name="test_history_list" time="0.153" /><testcase classname="tests.test_image_gen.TestMeUsage" name="test_unauth_me_usage_has_image_fields" time="0.261" /><testcase classname="tests.test_image_gen.TestAdminSettings" name="test_admin_get_settings" time="0.440" /><testcase classname="tests.test_image_gen.TestMeUsage" name="test_auth_me_usage_has_image_fields" time="0.183" /><testcase classname="tests.test_image_gen.TestAdminSettings" name="test_update_and_restore_image_limits" time="0.358" /><testcase classname="tests.test_image_gen.TestUsageCountSeparation" name="test_inject_image_records_isolates_image_used" time="0.397" /><testcase classname="tests.test_image_gen.TestPublicSettings" name="test_settings_includes_image_limits" time="0.143" /></testsuite></testsuites>