<?xml version="1.0" encoding="utf-8"?><testsuites name="pytest tests"><testsuite name="pytest" errors="0" failures="0" skipped="0" tests="5" time="7.827" timestamp="2026-08-23T00:17:05.967858+00:00" hostname="agent-env-4633679d-5caa-4d5f-99c4-6b924417fd0e"><testcase classname="tests.test_brt_reset" name="test_brt_bounds_are_24h_utc_window" time="0.001" /><testcase classname="tests.test_brt_reset" name="test_records_before_brt_midnight_do_not_count" time="0.685" /><testcase classname="tests.test_brt_reset" name="test_records_after_brt_midnight_do_count" time="0.692" /><testcase classname="tests.test_brt_reset" name="test_reset_simulation_moving_records_to_brt_yesterday" time="3.616" /><testcase classname="tests.test_brt_reset" name="test_existing_records_in_current_brt_day_still_count" time="1.841" /></testsuite></testsuites>