<?xml version="1.0" encoding="utf-8"?><testsuites name="pytest tests"><testsuite name="pytest" errors="0" failures="0" skipped="0" tests="12" time="3.794" timestamp="2026-08-27T18:49:44.345032+00:00" hostname="agent-env-4633679d-5caa-4d5f-99c4-6b924417fd0e"><testcase classname="tests.test_audio_pricing" name="test_root_ok" time="0.307" /><testcase classname="tests.test_audio_pricing" name="test_pricing_public_snapshot" time="0.169" /><testcase classname="tests.test_audio_pricing" name="test_me_usage_anonymous_has_audio_fields" time="0.180" /><testcase classname="tests.test_audio_pricing" name="test_me_usage_authenticated_free_limits" time="0.557" /><testcase classname="tests.test_audio_pricing" name="test_generate_audio_no_key_returns_503" time="0.581" /><testcase classname="tests.test_audio_pricing" name="test_generate_audio_empty_text_rejected" time="0.272" /><testcase classname="tests.test_audio_pricing" name="test_generate_audio_without_jwt_returns_401" time="0.144" /><testcase classname="tests.test_audio_pricing" name="test_generate_audio_too_long_text" time="0.148" /><testcase classname="tests.test_audio_pricing" name="test_generate_image_prompt_too_short" time="0.148" /><testcase classname="tests.test_audio_pricing" name="test_generate_image_prompt_too_long" time="0.140" /><testcase classname="tests.test_audio_pricing" name="test_generate_image_prompt_999_accepted_validation" time="0.167" /><testcase classname="tests.test_audio_pricing" name="test_admin_login_returns_role_admin" time="0.477" /></testsuite></testsuites>