<?xml version="1.0" encoding="utf-8"?><testsuites name="pytest tests"><testsuite name="pytest" errors="0" failures="0" skipped="0" tests="18" time="16.362" timestamp="2026-08-23T00:08:36.938068+00:00" hostname="agent-env-4633679d-5caa-4d5f-99c4-6b924417fd0e"><testcase classname="tests.test_auth_and_limits" name="test_settings_default_free_limit_is_3" time="0.269" /><testcase classname="tests.test_auth_and_limits" name="test_generate_requires_auth_no_token[qrcode]" time="0.120" /><testcase classname="tests.test_auth_and_limits" name="test_generate_requires_auth_no_token[password_gen]" time="0.151" /><testcase classname="tests.test_auth_and_limits" name="test_generate_requires_auth_no_token[percentage_calc]" time="0.151" /><testcase classname="tests.test_auth_and_limits" name="test_generate_requires_auth_no_token[correct_pt]" time="0.145" /><testcase classname="tests.test_auth_and_limits" name="test_generate_requires_auth_no_token[improve_text]" time="0.168" /><testcase classname="tests.test_auth_and_limits" name="test_generate_requires_auth_no_token[whatsapp]" time="0.127" /><testcase classname="tests.test_auth_and_limits" name="test_generate_requires_auth_no_token[summarize]" time="0.164" /><testcase classname="tests.test_auth_and_limits" name="test_generate_requires_auth_no_token[create_email]" time="0.113" /><testcase classname="tests.test_auth_and_limits" name="test_generate_requires_auth_no_token[create_caption]" time="0.725" /><testcase classname="tests.test_auth_and_limits" name="test_generate_requires_auth_no_token[youtube_titles]" time="0.147" /><testcase classname="tests.test_auth_and_limits" name="test_generate_requires_auth_bad_token" time="0.119" /><testcase classname="tests.test_auth_and_limits" name="test_no_guest_usage_in_db" time="0.499" /><testcase classname="tests.test_auth_and_limits" name="test_rate_limit_3_ai_calls_then_402" time="2.548" /><testcase classname="tests.test_auth_and_limits" name="test_rate_limit_persists_across_new_tokens" time="2.928" /><testcase classname="tests.test_auth_and_limits" name="test_local_tools_do_not_consume_ai_quota" time="3.568" /><testcase classname="tests.test_auth_and_limits" name="test_premium_user_uses_500_limit" time="3.427" /><testcase classname="tests.test_auth_and_limits" name="test_qrcode_unauth_returns_401" time="0.878" /></testsuite></testsuites>