<?xml version="1.0" encoding="utf-8"?><testsuites name="pytest tests"><testsuite name="pytest" errors="0" failures="0" skipped="0" tests="28" time="7.576" timestamp="2026-08-22T22:32:12.351629+00:00" hostname="agent-env-4633679d-5caa-4d5f-99c4-6b924417fd0e"><testcase classname="tests.test_monetization" name="test_public_settings_no_auth" time="1.052" /><testcase classname="tests.test_admin_mp" name="test_checkout_premium_creates_preference" time="1.050" /><testcase classname="tests.test_admin_mp" name="test_checkout_premium_requires_auth" time="0.120" /><testcase classname="tests.test_admin_mp" name="test_payment_status_requires_auth" time="0.238" /><testcase classname="tests.test_admin_mp" name="test_payment_status_unknown_id" time="0.259" /><testcase classname="tests.test_monetization" name="test_admin_settings_requires_admin" time="0.759" /><testcase classname="tests.test_admin_mp" name="test_webhook_no_auth_required" time="0.408" /><testcase classname="tests.test_monetization" name="test_admin_settings_get_ok" time="0.339" /><testcase classname="tests.test_admin_mp" name="test_webhook_ignores_non_payment_events" time="0.101" /><testcase classname="tests.test_monetization" name="test_admin_settings_put_reflects_in_public" time="0.503" /><testcase classname="tests.test_admin_mp" name="test_admin_users_list" time="0.518" /><testcase classname="tests.test_monetization" name="test_usage_guest" time="0.228" /><testcase classname="tests.test_admin_mp" name="test_admin_users_search" time="0.133" /><testcase classname="tests.test_admin_mp" name="test_admin_users_forbidden_for_non_admin" time="0.135" /><testcase classname="tests.test_monetization" name="test_usage_authenticated" time="0.234" /><testcase classname="tests.test_admin_mp" name="test_premium_no_expiry_is_premium" time="0.243" /><testcase classname="tests.test_monetization" name="test_checkout_returns_preference" time="0.484" /><testcase classname="tests.test_admin_mp" name="test_premium_expired_reports_free" time="0.372" /><testcase classname="tests.test_admin_mp" name="test_cleanup_admin_stays_free" time="0.102" /><testcase classname="tests.test_monetization" name="test_admin_subscription_requires_admin" time="0.246" /><testcase classname="tests.test_facilita_api" name="test_health" time="0.113" /><testcase classname="tests.test_facilita_api" name="test_google_is_explicitly_unconfigured" time="0.092" /><testcase classname="tests.test_monetization" name="test_rate_limit_then_premium_bypass" time="2.702" /><testcase classname="tests.test_facilita_api" name="test_utility_generation" time="0.346" /><testcase classname="tests.test_facilita_api" name="test_admin_routes_and_favorites" time="0.734" /><testcase classname="tests.test_facilita_api" name="test_history_requires_auth" time="0.121" /><testcase classname="tests.test_facilita_api" name="test_history_list_and_delete" time="0.541" /><testcase classname="tests.test_monetization" name="test_login_returns_subscription_for_new_user" time="0.429" /></testsuite></testsuites>