<?xml version="1.0" encoding="utf-8"?><testsuites name="pytest tests"><testsuite name="pytest" errors="0" failures="0" skipped="0" tests="10" time="4.797" timestamp="2026-08-22T23:05:19.557621+00:00" hostname="agent-env-4633679d-5caa-4d5f-99c4-6b924417fd0e"><testcase classname="tests.test_grace_invoices.TestInvoices" name="test_unauth_401" time="0.180" /><testcase classname="tests.test_grace_invoices.TestGracePeriodStates" name="test_authorized_expired_yesterday_in_grace" time="0.968" /><testcase classname="tests.test_grace_invoices.TestInvoices" name="test_no_preapproval_returns_empty" time="0.643" /><testcase classname="tests.test_grace_invoices.TestInvoices" name="test_after_checkout_returns_array" time="2.021" /><testcase classname="tests.test_grace_invoices.TestGracePeriodStates" name="test_authorized_expired_4_days_ago_out_of_grace" time="1.367" /><testcase classname="tests.test_grace_invoices.TestGracePeriodStates" name="test_not_authorized_no_grace_even_recent" time="0.600" /><testcase classname="tests.test_grace_invoices.TestGraceFieldsFree" name="test_usage_free_user_grace_fields" time="0.514" /><testcase classname="tests.test_grace_invoices.TestRegression" name="test_public_settings" time="0.290" /><testcase classname="tests.test_grace_invoices.TestRegression" name="test_admin_login" time="0.388" /><testcase classname="tests.test_grace_invoices.TestGraceFieldsFree" name="test_subscription_free_user_grace_fields" time="0.622" /></testsuite></testsuites>