<?xml version="1.0" encoding="utf-8"?><testsuites name="pytest tests"><testsuite name="pytest" errors="0" failures="0" skipped="28" tests="43" time="7.799" timestamp="2026-08-22T22:54:25.139545+00:00" hostname="agent-env-4633679d-5caa-4d5f-99c4-6b924417fd0e"><testcase classname="tests.test_admin_mp" name="test_checkout_premium_creates_preference" time="0.000"><skipped type="pytest.skip" message="REACT_APP_BACKEND_URL is not set">/app/backend/tests/test_admin_mp.py:37: REACT_APP_BACKEND_URL is not set</skipped></testcase><testcase classname="tests.test_admin_mp" name="test_checkout_premium_requires_auth" time="0.000"><skipped type="pytest.skip" message="REACT_APP_BACKEND_URL is not set">/app/backend/tests/test_admin_mp.py:47: REACT_APP_BACKEND_URL is not set</skipped></testcase><testcase classname="tests.test_monetization" name="test_public_settings_no_auth" time="0.000"><skipped type="pytest.skip" message="REACT_APP_BACKEND_URL is not set">/app/backend/tests/test_monetization.py:48: REACT_APP_BACKEND_URL is not set</skipped></testcase><testcase classname="tests.test_admin_mp" name="test_payment_status_requires_auth" time="0.000"><skipped type="pytest.skip" message="REACT_APP_BACKEND_URL is not set">/app/backend/tests/test_admin_mp.py:52: REACT_APP_BACKEND_URL is not set</skipped></testcase><testcase classname="tests.test_admin_mp" name="test_payment_status_unknown_id" time="0.000"><skipped type="pytest.skip" message="REACT_APP_BACKEND_URL is not set">/app/backend/tests/test_admin_mp.py:57: REACT_APP_BACKEND_URL is not set</skipped></testcase><testcase classname="tests.test_monetization" name="test_admin_settings_requires_admin" time="0.000"><skipped type="pytest.skip" message="REACT_APP_BACKEND_URL is not set">/app/backend/tests/test_monetization.py:58: REACT_APP_BACKEND_URL is not set</skipped></testcase><testcase classname="tests.test_monetization" name="test_admin_settings_get_ok" time="0.000"><skipped type="pytest.skip" message="REACT_APP_BACKEND_URL is not set">/app/backend/tests/test_monetization.py:63: REACT_APP_BACKEND_URL is not set</skipped></testcase><testcase classname="tests.test_monetization" name="test_admin_settings_put_reflects_in_public" time="0.000"><skipped type="pytest.skip" message="REACT_APP_BACKEND_URL is not set">/app/backend/tests/test_monetization.py:69: REACT_APP_BACKEND_URL is not set</skipped></testcase><testcase classname="tests.test_monetization" name="test_usage_guest" time="0.000"><skipped type="pytest.skip" message="REACT_APP_BACKEND_URL is not set">/app/backend/tests/test_monetization.py:79: REACT_APP_BACKEND_URL is not set</skipped></testcase><testcase classname="tests.test_admin_mp" name="test_webhook_no_auth_required" time="0.000"><skipped type="pytest.skip" message="REACT_APP_BACKEND_URL is not set">/app/backend/tests/test_admin_mp.py:63: REACT_APP_BACKEND_URL is not set</skipped></testcase><testcase classname="tests.test_admin_mp" name="test_webhook_ignores_non_payment_events" time="0.000"><skipped type="pytest.skip" message="REACT_APP_BACKEND_URL is not set">/app/backend/tests/test_admin_mp.py:73: REACT_APP_BACKEND_URL is not set</skipped></testcase><testcase classname="tests.test_admin_mp" name="test_admin_users_list" time="0.000"><skipped type="pytest.skip" message="REACT_APP_BACKEND_URL is not set">/app/backend/tests/test_admin_mp.py:81: REACT_APP_BACKEND_URL is not set</skipped></testcase><testcase classname="tests.test_admin_mp" name="test_admin_users_search" time="0.000"><skipped type="pytest.skip" message="REACT_APP_BACKEND_URL is not set">/app/backend/tests/test_admin_mp.py:92: REACT_APP_BACKEND_URL is not set</skipped></testcase><testcase classname="tests.test_admin_mp" name="test_admin_users_forbidden_for_non_admin" time="0.000"><skipped type="pytest.skip" message="REACT_APP_BACKEND_URL is not set">/app/backend/tests/test_admin_mp.py:100: REACT_APP_BACKEND_URL is not set</skipped></testcase><testcase classname="tests.test_admin_mp" name="test_premium_no_expiry_is_premium" time="0.000"><skipped type="pytest.skip" message="REACT_APP_BACKEND_URL is not set">/app/backend/tests/test_admin_mp.py:107: REACT_APP_BACKEND_URL is not set</skipped></testcase><testcase classname="tests.test_admin_mp" name="test_premium_expired_reports_free" time="0.000"><skipped type="pytest.skip" message="REACT_APP_BACKEND_URL is not set">/app/backend/tests/test_admin_mp.py:117: REACT_APP_BACKEND_URL is not set</skipped></testcase><testcase classname="tests.test_monetization" name="test_usage_authenticated" time="0.000"><skipped type="pytest.skip" message="REACT_APP_BACKEND_URL is not set">/app/backend/tests/test_monetization.py:88: REACT_APP_BACKEND_URL is not set</skipped></testcase><testcase classname="tests.test_monetization" name="test_checkout_returns_preference" time="0.000"><skipped type="pytest.skip" message="REACT_APP_BACKEND_URL is not set">/app/backend/tests/test_monetization.py:98: REACT_APP_BACKEND_URL is not set</skipped></testcase><testcase classname="tests.test_monetization" name="test_admin_subscription_requires_admin" time="0.000"><skipped type="pytest.skip" message="REACT_APP_BACKEND_URL is not set">/app/backend/tests/test_monetization.py:109: REACT_APP_BACKEND_URL is not set</skipped></testcase><testcase classname="tests.test_monetization" name="test_rate_limit_then_premium_bypass" time="0.000"><skipped type="pytest.skip" message="REACT_APP_BACKEND_URL is not set">/app/backend/tests/test_monetization.py:119: REACT_APP_BACKEND_URL is not set</skipped></testcase><testcase classname="tests.test_admin_mp" name="test_cleanup_admin_stays_free" time="0.000"><skipped type="pytest.skip" message="REACT_APP_BACKEND_URL is not set">/app/backend/tests/test_admin_mp.py:136: REACT_APP_BACKEND_URL is not set</skipped></testcase><testcase classname="tests.test_facilita_api" name="test_health" time="0.000"><skipped type="pytest.skip" message="REACT_APP_BACKEND_URL is not set">/app/backend/tests/test_facilita_api.py:25: REACT_APP_BACKEND_URL is not set</skipped></testcase><testcase classname="tests.test_monetization" name="test_login_returns_subscription_for_new_user" time="0.000"><skipped type="pytest.skip" message="REACT_APP_BACKEND_URL is not set">/app/backend/tests/test_monetization.py:158: REACT_APP_BACKEND_URL is not set</skipped></testcase><testcase classname="tests.test_preapproval.TestGetSubscription" name="test_unauth_401" time="0.150" /><testcase classname="tests.test_facilita_api" name="test_google_is_explicitly_unconfigured" time="0.000"><skipped type="pytest.skip" message="REACT_APP_BACKEND_URL is not set">/app/backend/tests/test_facilita_api.py:31: REACT_APP_BACKEND_URL is not set</skipped></testcase><testcase classname="tests.test_facilita_api" name="test_utility_generation" time="0.000"><skipped type="pytest.skip" message="REACT_APP_BACKEND_URL is not set">/app/backend/tests/test_facilita_api.py:37: REACT_APP_BACKEND_URL is not set</skipped></testcase><testcase classname="tests.test_facilita_api" name="test_admin_routes_and_favorites" time="0.001"><skipped type="pytest.skip" message="REACT_APP_BACKEND_URL is not set">/app/backend/tests/test_facilita_api.py:50: REACT_APP_BACKEND_URL is not set</skipped></testcase><testcase classname="tests.test_facilita_api" name="test_history_requires_auth" time="0.000"><skipped type="pytest.skip" message="REACT_APP_BACKEND_URL is not set">/app/backend/tests/test_facilita_api.py:61: REACT_APP_BACKEND_URL is not set</skipped></testcase><testcase classname="tests.test_facilita_api" name="test_history_list_and_delete" time="0.000"><skipped type="pytest.skip" message="REACT_APP_BACKEND_URL is not set">/app/backend/tests/test_facilita_api.py:66: REACT_APP_BACKEND_URL is not set</skipped></testcase><testcase classname="tests.test_preapproval.TestWebhookHMAC" name="test_invalid_signature_401" time="0.217" /><testcase classname="tests.test_preapproval.TestGetSubscription" name="test_free_user_defaults" time="0.442" /><testcase classname="tests.test_preapproval.TestWebhookHMAC" name="test_no_signature_401" time="0.259" /><testcase classname="tests.test_preapproval.TestWebhookHMAC" name="test_valid_signature_returns_200" time="0.345" /><testcase classname="tests.test_preapproval.TestGetSubscription" name="test_after_checkout_has_preapproval" time="2.258" /><testcase classname="tests.test_preapproval.TestCheckoutPreapproval" name="test_creates_preapproval" time="1.822" /><testcase classname="tests.test_preapproval.TestCheckoutPreapproval" name="test_reuses_pending_preapproval" time="1.659" /><testcase classname="tests.test_preapproval.TestRegression" name="test_admin_login_and_stats" time="1.145" /><testcase classname="tests.test_preapproval.TestRegression" name="test_public_settings" time="0.095" /><testcase classname="tests.test_preapproval.TestRegression" name="test_generate_password_no_auth" time="0.173" /><testcase classname="tests.test_preapproval.TestGrace3Days" name="test_grace_within_3_days" time="0.586" /><testcase classname="tests.test_preapproval.TestCancelSubscription" name="test_cancel_without_preapproval_404" time="0.642" /><testcase classname="tests.test_preapproval.TestGrace3Days" name="test_grace_beyond_3_days" time="0.594" /><testcase classname="tests.test_preapproval.TestCancelSubscription" name="test_cancel_after_checkout" time="2.048" /></testsuite></testsuites>