<?xml version="1.0" encoding="utf-8"?><testsuites name="pytest tests"><testsuite name="pytest" errors="0" failures="0" skipped="0" tests="16" time="6.759" timestamp="2026-08-22T22:10:34.482607+00:00" hostname="agent-env-4633679d-5caa-4d5f-99c4-6b924417fd0e"><testcase classname="tests.test_facilita_api" name="test_health" time="0.447" /><testcase classname="tests.test_monetization" name="test_public_settings_no_auth" time="0.703" /><testcase classname="tests.test_facilita_api" name="test_google_is_explicitly_unconfigured" time="0.180" /><testcase classname="tests.test_facilita_api" name="test_utility_generation" time="0.190" /><testcase classname="tests.test_monetization" name="test_admin_settings_requires_admin" time="0.807" /><testcase classname="tests.test_facilita_api" name="test_admin_routes_and_favorites" time="0.771" /><testcase classname="tests.test_monetization" name="test_admin_settings_get_ok" time="0.344" /><testcase classname="tests.test_facilita_api" name="test_history_requires_auth" time="0.146" /><testcase classname="tests.test_monetization" name="test_admin_settings_put_reflects_in_public" time="0.448" /><testcase classname="tests.test_facilita_api" name="test_history_list_and_delete" time="0.522" /><testcase classname="tests.test_monetization" name="test_usage_guest" time="0.225" /><testcase classname="tests.test_monetization" name="test_usage_authenticated" time="0.203" /><testcase classname="tests.test_monetization" name="test_checkout_returns_not_configured" time="0.214" /><testcase classname="tests.test_monetization" name="test_admin_subscription_requires_admin" time="0.318" /><testcase classname="tests.test_monetization" name="test_rate_limit_then_premium_bypass" time="2.432" /><testcase classname="tests.test_monetization" name="test_login_returns_subscription_for_new_user" time="0.500" /></testsuite></testsuites>