<?xml version="1.0" encoding="utf-8"?><testsuites name="pytest tests"><testsuite name="pytest" errors="0" failures="0" skipped="0" tests="6" time="2.387" timestamp="2026-08-22T21:59:57.845632+00:00" hostname="agent-env-4633679d-5caa-4d5f-99c4-6b924417fd0e"><testcase classname="tests.test_facilita_api" name="test_health" time="0.248" /><testcase classname="tests.test_facilita_api" name="test_google_is_explicitly_unconfigured" time="0.096" /><testcase classname="tests.test_facilita_api" name="test_utility_generation" time="0.150" /><testcase classname="tests.test_facilita_api" name="test_admin_routes_and_favorites" time="0.608" /><testcase classname="tests.test_facilita_api" name="test_history_requires_auth" time="0.121" /><testcase classname="tests.test_facilita_api" name="test_history_list_and_delete" time="0.460" /></testsuite></testsuites>